<?xml version="1.0" encoding="UTF-8"?>
<testng-results ignored="0" total="1" passed="1" failed="0" skipped="0">
  <reporter-output>
  </reporter-output>
  <suite started-at="2023-11-15T20:17:32 IST" name="Default suite" finished-at="2023-11-15T20:17:33 IST" duration-ms="942">
    <groups>
    </groups>
    <test started-at="2023-11-15T20:17:32 IST" name="Default test" finished-at="2023-11-15T20:17:33 IST" duration-ms="942">
      <class name="ReadAndWriteDate">
        <test-method signature="readExcel()[pri:0, instance:ReadAndWriteDate@7161d8d1]" started-at="2023-11-15T20:17:33 IST" name="readExcel" finished-at="2023-11-15T20:17:33 IST" duration-ms="879" status="PASS">
          <reporter-output>
          </reporter-output>
        </test-method> <!-- readExcel -->
      </class> <!-- ReadAndWriteDate -->
    </test> <!-- Default test -->
  </suite> <!-- Default suite -->
</testng-results>
